<?xml version="1.0" encoding="UTF-8"?>
<testsuite xmlns:xsi="http://www.w3.org/2001/XMLSchema-instance" xsi:noNamespaceSchemaLocation="https://maven.apache.org/surefire/maven-surefire-plugin/xsd/surefire-test-report.xsd" name="cn.edu.cuit.OperAccountDAOTest" time="3.653" tests="1" errors="1" skipped="0" failures="0">
  <properties>
    <property name="sun.desktop" value="windows"/>
    <property name="awt.toolkit" value="sun.awt.windows.WToolkit"/>
    <property name="file.encoding.pkg" value="sun.io"/>
    <property name="java.specification.version" value="1.8"/>
    <property name="sun.cpu.isalist" value="amd64"/>
    <property name="sun.jnu.encoding" value="GBK"/>
    <property name="java.class.path" value="G:\学习\JavaSVN\target\test-classes;G:\学习\JavaSVN\target\classes;E:\maven\apache-maven-3.6.1-bin\apache-maven-3.6.1\maven-repository\org\springframework\boot\spring-boot-starter-web\2.2.6.RELEASE\spring-boot-starter-web-2.2.6.RELEASE.jar;E:\maven\apache-maven-3.6.1-bin\apache-maven-3.6.1\maven-repository\org\springframework\boot\spring-boot-starter\2.2.6.RELEASE\spring-boot-starter-2.2.6.RELEASE.jar;E:\maven\apache-maven-3.6.1-bin\apache-maven-3.6.1\maven-repository\org\springframework\boot\spring-boot\2.2.6.RELEASE\spring-boot-2.2.6.RELEASE.jar;E:\maven\apache-maven-3.6.1-bin\apache-maven-3.6.1\maven-repository\org\springframework\boot\spring-boot-autoconfigure\2.2.6.RELEASE\spring-boot-autoconfigure-2.2.6.RELEASE.jar;E:\maven\apache-maven-3.6.1-bin\apache-maven-3.6.1\maven-repository\org\springframework\boot\spring-boot-starter-logging\2.2.6.RELEASE\spring-boot-starter-logging-2.2.6.RELEASE.jar;E:\maven\apache-maven-3.6.1-bin\apache-maven-3.6.1\maven-repository\ch\qos\logback\logback-classic\1.2.3\logback-classic-1.2.3.jar;E:\maven\apache-maven-3.6.1-bin\apache-maven-3.6.1\maven-repository\ch\qos\logback\logback-core\1.2.3\logback-core-1.2.3.jar;E:\maven\apache-maven-3.6.1-bin\apache-maven-3.6.1\maven-repository\org\apache\logging\log4j\log4j-to-slf4j\2.12.1\log4j-to-slf4j-2.12.1.jar;E:\maven\apache-maven-3.6.1-bin\apache-maven-3.6.1\maven-repository\org\apache\logging\log4j\log4j-api\2.12.1\log4j-api-2.12.1.jar;E:\maven\apache-maven-3.6.1-bin\apache-maven-3.6.1\maven-repository\org\slf4j\jul-to-slf4j\1.7.30\jul-to-slf4j-1.7.30.jar;E:\maven\apache-maven-3.6.1-bin\apache-maven-3.6.1\maven-repository\jakarta\annotation\jakarta.annotation-api\1.3.5\jakarta.annotation-api-1.3.5.jar;E:\maven\apache-maven-3.6.1-bin\apache-maven-3.6.1\maven-repository\org\yaml\snakeyaml\1.25\snakeyaml-1.25.jar;E:\maven\apache-maven-3.6.1-bin\apache-maven-3.6.1\maven-repository\org\springframework\boot\spring-boot-starter-json\2.2.6.RELEASE\spring-boot-starter-json-2.2.6.RELEASE.jar;E:\maven\apache-maven-3.6.1-bin\apache-maven-3.6.1\maven-repository\com\fasterxml\jackson\core\jackson-databind\2.10.3\jackson-databind-2.10.3.jar;E:\maven\apache-maven-3.6.1-bin\apache-maven-3.6.1\maven-repository\com\fasterxml\jackson\core\jackson-annotations\2.10.3\jackson-annotations-2.10.3.jar;E:\maven\apache-maven-3.6.1-bin\apache-maven-3.6.1\maven-repository\com\fasterxml\jackson\core\jackson-core\2.10.3\jackson-core-2.10.3.jar;E:\maven\apache-maven-3.6.1-bin\apache-maven-3.6.1\maven-repository\com\fasterxml\jackson\datatype\jackson-datatype-jdk8\2.10.3\jackson-datatype-jdk8-2.10.3.jar;E:\maven\apache-maven-3.6.1-bin\apache-maven-3.6.1\maven-repository\com\fasterxml\jackson\datatype\jackson-datatype-jsr310\2.10.3\jackson-datatype-jsr310-2.10.3.jar;E:\maven\apache-maven-3.6.1-bin\apache-maven-3.6.1\maven-repository\com\fasterxml\jackson\module\jackson-module-parameter-names\2.10.3\jackson-module-parameter-names-2.10.3.jar;E:\maven\apache-maven-3.6.1-bin\apache-maven-3.6.1\maven-repository\org\springframework\boot\spring-boot-starter-tomcat\2.2.6.RELEASE\spring-boot-starter-tomcat-2.2.6.RELEASE.jar;E:\maven\apache-maven-3.6.1-bin\apache-maven-3.6.1\maven-repository\org\apache\tomcat\embed\tomcat-embed-core\9.0.33\tomcat-embed-core-9.0.33.jar;E:\maven\apache-maven-3.6.1-bin\apache-maven-3.6.1\maven-repository\org\apache\tomcat\embed\tomcat-embed-el\9.0.33\tomcat-embed-el-9.0.33.jar;E:\maven\apache-maven-3.6.1-bin\apache-maven-3.6.1\maven-repository\org\apache\tomcat\embed\tomcat-embed-websocket\9.0.33\tomcat-embed-websocket-9.0.33.jar;E:\maven\apache-maven-3.6.1-bin\apache-maven-3.6.1\maven-repository\org\springframework\boot\spring-boot-starter-validation\2.2.6.RELEASE\spring-boot-starter-validation-2.2.6.RELEASE.jar;E:\maven\apache-maven-3.6.1-bin\apache-maven-3.6.1\maven-repository\jakarta\validation\jakarta.validation-api\2.0.2\jakarta.validation-api-2.0.2.jar;E:\maven\apache-maven-3.6.1-bin\apache-maven-3.6.1\maven-repository\org\hibernate\validator\hibernate-validator\6.0.18.Final\hibernate-validator-6.0.18.Final.jar;E:\maven\apache-maven-3.6.1-bin\apache-maven-3.6.1\maven-repository\org\jboss\logging\jboss-logging\3.4.1.Final\jboss-logging-3.4.1.Final.jar;E:\maven\apache-maven-3.6.1-bin\apache-maven-3.6.1\maven-repository\com\fasterxml\classmate\1.5.1\classmate-1.5.1.jar;E:\maven\apache-maven-3.6.1-bin\apache-maven-3.6.1\maven-repository\org\springframework\spring-web\5.2.5.RELEASE\spring-web-5.2.5.RELEASE.jar;E:\maven\apache-maven-3.6.1-bin\apache-maven-3.6.1\maven-repository\org\springframework\spring-beans\5.2.5.RELEASE\spring-beans-5.2.5.RELEASE.jar;E:\maven\apache-maven-3.6.1-bin\apache-maven-3.6.1\maven-repository\org\springframework\spring-webmvc\5.2.5.RELEASE\spring-webmvc-5.2.5.RELEASE.jar;E:\maven\apache-maven-3.6.1-bin\apache-maven-3.6.1\maven-repository\org\springframework\spring-aop\5.2.5.RELEASE\spring-aop-5.2.5.RELEASE.jar;E:\maven\apache-maven-3.6.1-bin\apache-maven-3.6.1\maven-repository\org\springframework\spring-context\5.2.5.RELEASE\spring-context-5.2.5.RELEASE.jar;E:\maven\apache-maven-3.6.1-bin\apache-maven-3.6.1\maven-repository\org\springframework\spring-expression\5.2.5.RELEASE\spring-expression-5.2.5.RELEASE.jar;E:\maven\apache-maven-3.6.1-bin\apache-maven-3.6.1\maven-repository\mysql\mysql-connector-java\8.0.19\mysql-connector-java-8.0.19.jar;E:\maven\apache-maven-3.6.1-bin\apache-maven-3.6.1\maven-repository\com\github\pagehelper\pagehelper-spring-boot-starter\1.2.3\pagehelper-spring-boot-starter-1.2.3.jar;E:\maven\apache-maven-3.6.1-bin\apache-maven-3.6.1\maven-repository\org\mybatis\spring\boot\mybatis-spring-boot-starter\1.3.1\mybatis-spring-boot-starter-1.3.1.jar;E:\maven\apache-maven-3.6.1-bin\apache-maven-3.6.1\maven-repository\org\springframework\boot\spring-boot-starter-jdbc\2.2.6.RELEASE\spring-boot-starter-jdbc-2.2.6.RELEASE.jar;E:\maven\apache-maven-3.6.1-bin\apache-maven-3.6.1\maven-repository\com\zaxxer\HikariCP\3.4.2\HikariCP-3.4.2.jar;E:\maven\apache-maven-3.6.1-bin\apache-maven-3.6.1\maven-repository\org\springframework\spring-jdbc\5.2.5.RELEASE\spring-jdbc-5.2.5.RELEASE.jar;E:\maven\apache-maven-3.6.1-bin\apache-maven-3.6.1\maven-repository\org\springframework\spring-tx\5.2.5.RELEASE\spring-tx-5.2.5.RELEASE.jar;E:\maven\apache-maven-3.6.1-bin\apache-maven-3.6.1\maven-repository\org\mybatis\spring\boot\mybatis-spring-boot-autoconfigure\1.3.1\mybatis-spring-boot-autoconfigure-1.3.1.jar;E:\maven\apache-maven-3.6.1-bin\apache-maven-3.6.1\maven-repository\org\mybatis\mybatis\3.4.5\mybatis-3.4.5.jar;E:\maven\apache-maven-3.6.1-bin\apache-maven-3.6.1\maven-repository\org\mybatis\mybatis-spring\1.3.1\mybatis-spring-1.3.1.jar;E:\maven\apache-maven-3.6.1-bin\apache-maven-3.6.1\maven-repository\com\github\pagehelper\pagehelper-spring-boot-autoconfigure\1.2.3\pagehelper-spring-boot-autoconfigure-1.2.3.jar;E:\maven\apache-maven-3.6.1-bin\apache-maven-3.6.1\maven-repository\org\projectlombok\lombok\1.18.12\lombok-1.18.12.jar;E:\maven\apache-maven-3.6.1-bin\apache-maven-3.6.1\maven-repository\org\springframework\boot\spring-boot-starter-test\2.2.6.RELEASE\spring-boot-starter-test-2.2.6.RELEASE.jar;E:\maven\apache-maven-3.6.1-bin\apache-maven-3.6.1\maven-repository\org\springframework\boot\spring-boot-test\2.2.6.RELEASE\spring-boot-test-2.2.6.RELEASE.jar;E:\maven\apache-maven-3.6.1-bin\apache-maven-3.6.1\maven-repository\org\springframework\boot\spring-boot-test-autoconfigure\2.2.6.RELEASE\spring-boot-test-autoconfigure-2.2.6.RELEASE.jar;E:\maven\apache-maven-3.6.1-bin\apache-maven-3.6.1\maven-repository\com\jayway\jsonpath\json-path\2.4.0\json-path-2.4.0.jar;E:\maven\apache-maven-3.6.1-bin\apache-maven-3.6.1\maven-repository\net\minidev\json-smart\2.3\json-smart-2.3.jar;E:\maven\apache-maven-3.6.1-bin\apache-maven-3.6.1\maven-repository\net\minidev\accessors-smart\1.2\accessors-smart-1.2.jar;E:\maven\apache-maven-3.6.1-bin\apache-maven-3.6.1\maven-repository\org\ow2\asm\asm\5.0.4\asm-5.0.4.jar;E:\maven\apache-maven-3.6.1-bin\apache-maven-3.6.1\maven-repository\org\slf4j\slf4j-api\1.7.30\slf4j-api-1.7.30.jar;E:\maven\apache-maven-3.6.1-bin\apache-maven-3.6.1\maven-repository\jakarta\xml\bind\jakarta.xml.bind-api\2.3.3\jakarta.xml.bind-api-2.3.3.jar;E:\maven\apache-maven-3.6.1-bin\apache-maven-3.6.1\maven-repository\jakarta\activation\jakarta.activation-api\1.2.2\jakarta.activation-api-1.2.2.jar;E:\maven\apache-maven-3.6.1-bin\apache-maven-3.6.1\maven-repository\org\junit\jupiter\junit-jupiter\5.5.2\junit-jupiter-5.5.2.jar;E:\maven\apache-maven-3.6.1-bin\apache-maven-3.6.1\maven-repository\org\junit\jupiter\junit-jupiter-api\5.5.2\junit-jupiter-api-5.5.2.jar;E:\maven\apache-maven-3.6.1-bin\apache-maven-3.6.1\maven-repository\org\opentest4j\opentest4j\1.2.0\opentest4j-1.2.0.jar;E:\maven\apache-maven-3.6.1-bin\apache-maven-3.6.1\maven-repository\org\junit\platform\junit-platform-commons\1.5.2\junit-platform-commons-1.5.2.jar;E:\maven\apache-maven-3.6.1-bin\apache-maven-3.6.1\maven-repository\org\junit\jupiter\junit-jupiter-params\5.5.2\junit-jupiter-params-5.5.2.jar;E:\maven\apache-maven-3.6.1-bin\apache-maven-3.6.1\maven-repository\org\junit\jupiter\junit-jupiter-engine\5.5.2\junit-jupiter-engine-5.5.2.jar;E:\maven\apache-maven-3.6.1-bin\apache-maven-3.6.1\maven-repository\org\junit\vintage\junit-vintage-engine\5.5.2\junit-vintage-engine-5.5.2.jar;E:\maven\apache-maven-3.6.1-bin\apache-maven-3.6.1\maven-repository\org\apiguardian\apiguardian-api\1.1.0\apiguardian-api-1.1.0.jar;E:\maven\apache-maven-3.6.1-bin\apache-maven-3.6.1\maven-repository\org\junit\platform\junit-platform-engine\1.5.2\junit-platform-engine-1.5.2.jar;E:\maven\apache-maven-3.6.1-bin\apache-maven-3.6.1\maven-repository\junit\junit\4.12\junit-4.12.jar;E:\maven\apache-maven-3.6.1-bin\apache-maven-3.6.1\maven-repository\org\mockito\mockito-junit-jupiter\3.1.0\mockito-junit-jupiter-3.1.0.jar;E:\maven\apache-maven-3.6.1-bin\apache-maven-3.6.1\maven-repository\org\assertj\assertj-core\3.13.2\assertj-core-3.13.2.jar;E:\maven\apache-maven-3.6.1-bin\apache-maven-3.6.1\maven-repository\org\hamcrest\hamcrest\2.1\hamcrest-2.1.jar;E:\maven\apache-maven-3.6.1-bin\apache-maven-3.6.1\maven-repository\org\mockito\mockito-core\3.1.0\mockito-core-3.1.0.jar;E:\maven\apache-maven-3.6.1-bin\apache-maven-3.6.1\maven-repository\net\bytebuddy\byte-buddy\1.10.8\byte-buddy-1.10.8.jar;E:\maven\apache-maven-3.6.1-bin\apache-maven-3.6.1\maven-repository\net\bytebuddy\byte-buddy-agent\1.10.8\byte-buddy-agent-1.10.8.jar;E:\maven\apache-maven-3.6.1-bin\apache-maven-3.6.1\maven-repository\org\objenesis\objenesis\2.6\objenesis-2.6.jar;E:\maven\apache-maven-3.6.1-bin\apache-maven-3.6.1\maven-repository\org\skyscreamer\jsonassert\1.5.0\jsonassert-1.5.0.jar;E:\maven\apache-maven-3.6.1-bin\apache-maven-3.6.1\maven-repository\com\vaadin\external\google\android-json\0.0.20131108.vaadin1\android-json-0.0.20131108.vaadin1.jar;E:\maven\apache-maven-3.6.1-bin\apache-maven-3.6.1\maven-repository\org\springframework\spring-core\5.2.5.RELEASE\spring-core-5.2.5.RELEASE.jar;E:\maven\apache-maven-3.6.1-bin\apache-maven-3.6.1\maven-repository\org\springframework\spring-jcl\5.2.5.RELEASE\spring-jcl-5.2.5.RELEASE.jar;E:\maven\apache-maven-3.6.1-bin\apache-maven-3.6.1\maven-repository\org\springframework\spring-test\5.2.5.RELEASE\spring-test-5.2.5.RELEASE.jar;E:\maven\apache-maven-3.6.1-bin\apache-maven-3.6.1\maven-repository\org\xmlunit\xmlunit-core\2.6.4\xmlunit-core-2.6.4.jar;E:\maven\apache-maven-3.6.1-bin\apache-maven-3.6.1\maven-repository\com\github\pagehelper\pagehelper\5.1.2\pagehelper-5.1.2.jar;E:\maven\apache-maven-3.6.1-bin\apache-maven-3.6.1\maven-repository\com\github\jsqlparser\jsqlparser\1.0\jsqlparser-1.0.jar;E:\maven\apache-maven-3.6.1-bin\apache-maven-3.6.1\maven-repository\commons-beanutils\commons-beanutils\1.9.3\commons-beanutils-1.9.3.jar;E:\maven\apache-maven-3.6.1-bin\apache-maven-3.6.1\maven-repository\commons-logging\commons-logging\1.2\commons-logging-1.2.jar;E:\maven\apache-maven-3.6.1-bin\apache-maven-3.6.1\maven-repository\commons-collections\commons-collections\3.2.2\commons-collections-3.2.2.jar;E:\maven\apache-maven-3.6.1-bin\apache-maven-3.6.1\maven-repository\com\google\code\gson\gson\2.8.5\gson-2.8.5.jar;"/>
    <property name="java.vm.vendor" value="Oracle Corporation"/>
    <property name="sun.arch.data.model" value="64"/>
    <property name="user.variant" value=""/>
    <property name="java.vendor.url" value="http://java.oracle.com/"/>
    <property name="user.timezone" value="Asia/Shanghai"/>
    <property name="java.vm.specification.version" value="1.8"/>
    <property name="os.name" value="Windows 10"/>
    <property name="user.country" value="CN"/>
    <property name="sun.java.launcher" value="SUN_STANDARD"/>
    <property name="sun.boot.library.path" value="E:\Java\jre\bin"/>
    <property name="sun.java.command" value="C:\Users\24163\AppData\Local\Temp\surefire7980165421008638041\surefirebooter1799773699348672717.jar C:\Users\24163\AppData\Local\Temp\surefire7980165421008638041 2020-12-25T22-59-52_253-jvmRun1 surefire4297447752773482633tmp surefire_02944793292319783093tmp"/>
    <property name="surefire.test.class.path" value="G:\学习\JavaSVN\target\test-classes;G:\学习\JavaSVN\target\classes;E:\maven\apache-maven-3.6.1-bin\apache-maven-3.6.1\maven-repository\org\springframework\boot\spring-boot-starter-web\2.2.6.RELEASE\spring-boot-starter-web-2.2.6.RELEASE.jar;E:\maven\apache-maven-3.6.1-bin\apache-maven-3.6.1\maven-repository\org\springframework\boot\spring-boot-starter\2.2.6.RELEASE\spring-boot-starter-2.2.6.RELEASE.jar;E:\maven\apache-maven-3.6.1-bin\apache-maven-3.6.1\maven-repository\org\springframework\boot\spring-boot\2.2.6.RELEASE\spring-boot-2.2.6.RELEASE.jar;E:\maven\apache-maven-3.6.1-bin\apache-maven-3.6.1\maven-repository\org\springframework\boot\spring-boot-autoconfigure\2.2.6.RELEASE\spring-boot-autoconfigure-2.2.6.RELEASE.jar;E:\maven\apache-maven-3.6.1-bin\apache-maven-3.6.1\maven-repository\org\springframework\boot\spring-boot-starter-logging\2.2.6.RELEASE\spring-boot-starter-logging-2.2.6.RELEASE.jar;E:\maven\apache-maven-3.6.1-bin\apache-maven-3.6.1\maven-repository\ch\qos\logback\logback-classic\1.2.3\logback-classic-1.2.3.jar;E:\maven\apache-maven-3.6.1-bin\apache-maven-3.6.1\maven-repository\ch\qos\logback\logback-core\1.2.3\logback-core-1.2.3.jar;E:\maven\apache-maven-3.6.1-bin\apache-maven-3.6.1\maven-repository\org\apache\logging\log4j\log4j-to-slf4j\2.12.1\log4j-to-slf4j-2.12.1.jar;E:\maven\apache-maven-3.6.1-bin\apache-maven-3.6.1\maven-repository\org\apache\logging\log4j\log4j-api\2.12.1\log4j-api-2.12.1.jar;E:\maven\apache-maven-3.6.1-bin\apache-maven-3.6.1\maven-repository\org\slf4j\jul-to-slf4j\1.7.30\jul-to-slf4j-1.7.30.jar;E:\maven\apache-maven-3.6.1-bin\apache-maven-3.6.1\maven-repository\jakarta\annotation\jakarta.annotation-api\1.3.5\jakarta.annotation-api-1.3.5.jar;E:\maven\apache-maven-3.6.1-bin\apache-maven-3.6.1\maven-repository\org\yaml\snakeyaml\1.25\snakeyaml-1.25.jar;E:\maven\apache-maven-3.6.1-bin\apache-maven-3.6.1\maven-repository\org\springframework\boot\spring-boot-starter-json\2.2.6.RELEASE\spring-boot-starter-json-2.2.6.RELEASE.jar;E:\maven\apache-maven-3.6.1-bin\apache-maven-3.6.1\maven-repository\com\fasterxml\jackson\core\jackson-databind\2.10.3\jackson-databind-2.10.3.jar;E:\maven\apache-maven-3.6.1-bin\apache-maven-3.6.1\maven-repository\com\fasterxml\jackson\core\jackson-annotations\2.10.3\jackson-annotations-2.10.3.jar;E:\maven\apache-maven-3.6.1-bin\apache-maven-3.6.1\maven-repository\com\fasterxml\jackson\core\jackson-core\2.10.3\jackson-core-2.10.3.jar;E:\maven\apache-maven-3.6.1-bin\apache-maven-3.6.1\maven-repository\com\fasterxml\jackson\datatype\jackson-datatype-jdk8\2.10.3\jackson-datatype-jdk8-2.10.3.jar;E:\maven\apache-maven-3.6.1-bin\apache-maven-3.6.1\maven-repository\com\fasterxml\jackson\datatype\jackson-datatype-jsr310\2.10.3\jackson-datatype-jsr310-2.10.3.jar;E:\maven\apache-maven-3.6.1-bin\apache-maven-3.6.1\maven-repository\com\fasterxml\jackson\module\jackson-module-parameter-names\2.10.3\jackson-module-parameter-names-2.10.3.jar;E:\maven\apache-maven-3.6.1-bin\apache-maven-3.6.1\maven-repository\org\springframework\boot\spring-boot-starter-tomcat\2.2.6.RELEASE\spring-boot-starter-tomcat-2.2.6.RELEASE.jar;E:\maven\apache-maven-3.6.1-bin\apache-maven-3.6.1\maven-repository\org\apache\tomcat\embed\tomcat-embed-core\9.0.33\tomcat-embed-core-9.0.33.jar;E:\maven\apache-maven-3.6.1-bin\apache-maven-3.6.1\maven-repository\org\apache\tomcat\embed\tomcat-embed-el\9.0.33\tomcat-embed-el-9.0.33.jar;E:\maven\apache-maven-3.6.1-bin\apache-maven-3.6.1\maven-repository\org\apache\tomcat\embed\tomcat-embed-websocket\9.0.33\tomcat-embed-websocket-9.0.33.jar;E:\maven\apache-maven-3.6.1-bin\apache-maven-3.6.1\maven-repository\org\springframework\boot\spring-boot-starter-validation\2.2.6.RELEASE\spring-boot-starter-validation-2.2.6.RELEASE.jar;E:\maven\apache-maven-3.6.1-bin\apache-maven-3.6.1\maven-repository\jakarta\validation\jakarta.validation-api\2.0.2\jakarta.validation-api-2.0.2.jar;E:\maven\apache-maven-3.6.1-bin\apache-maven-3.6.1\maven-repository\org\hibernate\validator\hibernate-validator\6.0.18.Final\hibernate-validator-6.0.18.Final.jar;E:\maven\apache-maven-3.6.1-bin\apache-maven-3.6.1\maven-repository\org\jboss\logging\jboss-logging\3.4.1.Final\jboss-logging-3.4.1.Final.jar;E:\maven\apache-maven-3.6.1-bin\apache-maven-3.6.1\maven-repository\com\fasterxml\classmate\1.5.1\classmate-1.5.1.jar;E:\maven\apache-maven-3.6.1-bin\apache-maven-3.6.1\maven-repository\org\springframework\spring-web\5.2.5.RELEASE\spring-web-5.2.5.RELEASE.jar;E:\maven\apache-maven-3.6.1-bin\apache-maven-3.6.1\maven-repository\org\springframework\spring-beans\5.2.5.RELEASE\spring-beans-5.2.5.RELEASE.jar;E:\maven\apache-maven-3.6.1-bin\apache-maven-3.6.1\maven-repository\org\springframework\spring-webmvc\5.2.5.RELEASE\spring-webmvc-5.2.5.RELEASE.jar;E:\maven\apache-maven-3.6.1-bin\apache-maven-3.6.1\maven-repository\org\springframework\spring-aop\5.2.5.RELEASE\spring-aop-5.2.5.RELEASE.jar;E:\maven\apache-maven-3.6.1-bin\apache-maven-3.6.1\maven-repository\org\springframework\spring-context\5.2.5.RELEASE\spring-context-5.2.5.RELEASE.jar;E:\maven\apache-maven-3.6.1-bin\apache-maven-3.6.1\maven-repository\org\springframework\spring-expression\5.2.5.RELEASE\spring-expression-5.2.5.RELEASE.jar;E:\maven\apache-maven-3.6.1-bin\apache-maven-3.6.1\maven-repository\mysql\mysql-connector-java\8.0.19\mysql-connector-java-8.0.19.jar;E:\maven\apache-maven-3.6.1-bin\apache-maven-3.6.1\maven-repository\com\github\pagehelper\pagehelper-spring-boot-starter\1.2.3\pagehelper-spring-boot-starter-1.2.3.jar;E:\maven\apache-maven-3.6.1-bin\apache-maven-3.6.1\maven-repository\org\mybatis\spring\boot\mybatis-spring-boot-starter\1.3.1\mybatis-spring-boot-starter-1.3.1.jar;E:\maven\apache-maven-3.6.1-bin\apache-maven-3.6.1\maven-repository\org\springframework\boot\spring-boot-starter-jdbc\2.2.6.RELEASE\spring-boot-starter-jdbc-2.2.6.RELEASE.jar;E:\maven\apache-maven-3.6.1-bin\apache-maven-3.6.1\maven-repository\com\zaxxer\HikariCP\3.4.2\HikariCP-3.4.2.jar;E:\maven\apache-maven-3.6.1-bin\apache-maven-3.6.1\maven-repository\org\springframework\spring-jdbc\5.2.5.RELEASE\spring-jdbc-5.2.5.RELEASE.jar;E:\maven\apache-maven-3.6.1-bin\apache-maven-3.6.1\maven-repository\org\springframework\spring-tx\5.2.5.RELEASE\spring-tx-5.2.5.RELEASE.jar;E:\maven\apache-maven-3.6.1-bin\apache-maven-3.6.1\maven-repository\org\mybatis\spring\boot\mybatis-spring-boot-autoconfigure\1.3.1\mybatis-spring-boot-autoconfigure-1.3.1.jar;E:\maven\apache-maven-3.6.1-bin\apache-maven-3.6.1\maven-repository\org\mybatis\mybatis\3.4.5\mybatis-3.4.5.jar;E:\maven\apache-maven-3.6.1-bin\apache-maven-3.6.1\maven-repository\org\mybatis\mybatis-spring\1.3.1\mybatis-spring-1.3.1.jar;E:\maven\apache-maven-3.6.1-bin\apache-maven-3.6.1\maven-repository\com\github\pagehelper\pagehelper-spring-boot-autoconfigure\1.2.3\pagehelper-spring-boot-autoconfigure-1.2.3.jar;E:\maven\apache-maven-3.6.1-bin\apache-maven-3.6.1\maven-repository\org\projectlombok\lombok\1.18.12\lombok-1.18.12.jar;E:\maven\apache-maven-3.6.1-bin\apache-maven-3.6.1\maven-repository\org\springframework\boot\spring-boot-starter-test\2.2.6.RELEASE\spring-boot-starter-test-2.2.6.RELEASE.jar;E:\maven\apache-maven-3.6.1-bin\apache-maven-3.6.1\maven-repository\org\springframework\boot\spring-boot-test\2.2.6.RELEASE\spring-boot-test-2.2.6.RELEASE.jar;E:\maven\apache-maven-3.6.1-bin\apache-maven-3.6.1\maven-repository\org\springframework\boot\spring-boot-test-autoconfigure\2.2.6.RELEASE\spring-boot-test-autoconfigure-2.2.6.RELEASE.jar;E:\maven\apache-maven-3.6.1-bin\apache-maven-3.6.1\maven-repository\com\jayway\jsonpath\json-path\2.4.0\json-path-2.4.0.jar;E:\maven\apache-maven-3.6.1-bin\apache-maven-3.6.1\maven-repository\net\minidev\json-smart\2.3\json-smart-2.3.jar;E:\maven\apache-maven-3.6.1-bin\apache-maven-3.6.1\maven-repository\net\minidev\accessors-smart\1.2\accessors-smart-1.2.jar;E:\maven\apache-maven-3.6.1-bin\apache-maven-3.6.1\maven-repository\org\ow2\asm\asm\5.0.4\asm-5.0.4.jar;E:\maven\apache-maven-3.6.1-bin\apache-maven-3.6.1\maven-repository\org\slf4j\slf4j-api\1.7.30\slf4j-api-1.7.30.jar;E:\maven\apache-maven-3.6.1-bin\apache-maven-3.6.1\maven-repository\jakarta\xml\bind\jakarta.xml.bind-api\2.3.3\jakarta.xml.bind-api-2.3.3.jar;E:\maven\apache-maven-3.6.1-bin\apache-maven-3.6.1\maven-repository\jakarta\activation\jakarta.activation-api\1.2.2\jakarta.activation-api-1.2.2.jar;E:\maven\apache-maven-3.6.1-bin\apache-maven-3.6.1\maven-repository\org\junit\jupiter\junit-jupiter\5.5.2\junit-jupiter-5.5.2.jar;E:\maven\apache-maven-3.6.1-bin\apache-maven-3.6.1\maven-repository\org\junit\jupiter\junit-jupiter-api\5.5.2\junit-jupiter-api-5.5.2.jar;E:\maven\apache-maven-3.6.1-bin\apache-maven-3.6.1\maven-repository\org\opentest4j\opentest4j\1.2.0\opentest4j-1.2.0.jar;E:\maven\apache-maven-3.6.1-bin\apache-maven-3.6.1\maven-repository\org\junit\platform\junit-platform-commons\1.5.2\junit-platform-commons-1.5.2.jar;E:\maven\apache-maven-3.6.1-bin\apache-maven-3.6.1\maven-repository\org\junit\jupiter\junit-jupiter-params\5.5.2\junit-jupiter-params-5.5.2.jar;E:\maven\apache-maven-3.6.1-bin\apache-maven-3.6.1\maven-repository\org\junit\jupiter\junit-jupiter-engine\5.5.2\junit-jupiter-engine-5.5.2.jar;E:\maven\apache-maven-3.6.1-bin\apache-maven-3.6.1\maven-repository\org\junit\vintage\junit-vintage-engine\5.5.2\junit-vintage-engine-5.5.2.jar;E:\maven\apache-maven-3.6.1-bin\apache-maven-3.6.1\maven-repository\org\apiguardian\apiguardian-api\1.1.0\apiguardian-api-1.1.0.jar;E:\maven\apache-maven-3.6.1-bin\apache-maven-3.6.1\maven-repository\org\junit\platform\junit-platform-engine\1.5.2\junit-platform-engine-1.5.2.jar;E:\maven\apache-maven-3.6.1-bin\apache-maven-3.6.1\maven-repository\junit\junit\4.12\junit-4.12.jar;E:\maven\apache-maven-3.6.1-bin\apache-maven-3.6.1\maven-repository\org\mockito\mockito-junit-jupiter\3.1.0\mockito-junit-jupiter-3.1.0.jar;E:\maven\apache-maven-3.6.1-bin\apache-maven-3.6.1\maven-repository\org\assertj\assertj-core\3.13.2\assertj-core-3.13.2.jar;E:\maven\apache-maven-3.6.1-bin\apache-maven-3.6.1\maven-repository\org\hamcrest\hamcrest\2.1\hamcrest-2.1.jar;E:\maven\apache-maven-3.6.1-bin\apache-maven-3.6.1\maven-repository\org\mockito\mockito-core\3.1.0\mockito-core-3.1.0.jar;E:\maven\apache-maven-3.6.1-bin\apache-maven-3.6.1\maven-repository\net\bytebuddy\byte-buddy\1.10.8\byte-buddy-1.10.8.jar;E:\maven\apache-maven-3.6.1-bin\apache-maven-3.6.1\maven-repository\net\bytebuddy\byte-buddy-agent\1.10.8\byte-buddy-agent-1.10.8.jar;E:\maven\apache-maven-3.6.1-bin\apache-maven-3.6.1\maven-repository\org\objenesis\objenesis\2.6\objenesis-2.6.jar;E:\maven\apache-maven-3.6.1-bin\apache-maven-3.6.1\maven-repository\org\skyscreamer\jsonassert\1.5.0\jsonassert-1.5.0.jar;E:\maven\apache-maven-3.6.1-bin\apache-maven-3.6.1\maven-repository\com\vaadin\external\google\android-json\0.0.20131108.vaadin1\android-json-0.0.20131108.vaadin1.jar;E:\maven\apache-maven-3.6.1-bin\apache-maven-3.6.1\maven-repository\org\springframework\spring-core\5.2.5.RELEASE\spring-core-5.2.5.RELEASE.jar;E:\maven\apache-maven-3.6.1-bin\apache-maven-3.6.1\maven-repository\org\springframework\spring-jcl\5.2.5.RELEASE\spring-jcl-5.2.5.RELEASE.jar;E:\maven\apache-maven-3.6.1-bin\apache-maven-3.6.1\maven-repository\org\springframework\spring-test\5.2.5.RELEASE\spring-test-5.2.5.RELEASE.jar;E:\maven\apache-maven-3.6.1-bin\apache-maven-3.6.1\maven-repository\org\xmlunit\xmlunit-core\2.6.4\xmlunit-core-2.6.4.jar;E:\maven\apache-maven-3.6.1-bin\apache-maven-3.6.1\maven-repository\com\github\pagehelper\pagehelper\5.1.2\pagehelper-5.1.2.jar;E:\maven\apache-maven-3.6.1-bin\apache-maven-3.6.1\maven-repository\com\github\jsqlparser\jsqlparser\1.0\jsqlparser-1.0.jar;E:\maven\apache-maven-3.6.1-bin\apache-maven-3.6.1\maven-repository\commons-beanutils\commons-beanutils\1.9.3\commons-beanutils-1.9.3.jar;E:\maven\apache-maven-3.6.1-bin\apache-maven-3.6.1\maven-repository\commons-logging\commons-logging\1.2\commons-logging-1.2.jar;E:\maven\apache-maven-3.6.1-bin\apache-maven-3.6.1\maven-repository\commons-collections\commons-collections\3.2.2\commons-collections-3.2.2.jar;E:\maven\apache-maven-3.6.1-bin\apache-maven-3.6.1\maven-repository\com\google\code\gson\gson\2.8.5\gson-2.8.5.jar;"/>
    <property name="sun.cpu.endian" value="little"/>
    <property name="user.home" value="C:\Users\24163"/>
    <property name="user.language" value="zh"/>
    <property name="java.specification.vendor" value="Oracle Corporation"/>
    <property name="java.home" value="E:\Java\jre"/>
    <property name="basedir" value="G:\学习\JavaSVN"/>
    <property name="file.separator" value="\"/>
    <property name="line.separator" value="&#10;"/>
    <property name="java.vm.specification.vendor" value="Oracle Corporation"/>
    <property name="java.specification.name" value="Java Platform API Specification"/>
    <property name="java.awt.graphicsenv" value="sun.awt.Win32GraphicsEnvironment"/>
    <property name="surefire.real.class.path" value="C:\Users\24163\AppData\Local\Temp\surefire7980165421008638041\surefirebooter1799773699348672717.jar"/>
    <property name="sun.boot.class.path" value="E:\Java\jre\lib\resources.jar;E:\Java\jre\lib\rt.jar;E:\Java\jre\lib\sunrsasign.jar;E:\Java\jre\lib\jsse.jar;E:\Java\jre\lib\jce.jar;E:\Java\jre\lib\charsets.jar;E:\Java\jre\lib\jfr.jar;E:\Java\jre\classes"/>
    <property name="user.script" value=""/>
    <property name="sun.management.compiler" value="HotSpot 64-Bit Tiered Compilers"/>
    <property name="java.runtime.version" value="1.8.0_221-b11"/>
    <property name="user.name" value="24163"/>
    <property name="path.separator" value=";"/>
    <property name="os.version" value="10.0"/>
    <property name="java.endorsed.dirs" value="E:\Java\jre\lib\endorsed"/>
    <property name="java.runtime.name" value="Java(TM) SE Runtime Environment"/>
    <property name="file.encoding" value="GBK"/>
    <property name="java.vm.name" value="Java HotSpot(TM) 64-Bit Server VM"/>
    <property name="localRepository" value="E:\maven\apache-maven-3.6.1-bin\apache-maven-3.6.1\maven-repository"/>
    <property name="java.vendor.url.bug" value="http://bugreport.sun.com/bugreport/"/>
    <property name="java.io.tmpdir" value="C:\Users\24163\AppData\Local\Temp\"/>
    <property name="idea.version" value="2020.2.3"/>
    <property name="java.version" value="1.8.0_221"/>
    <property name="user.dir" value="G:\学习\JavaSVN"/>
    <property name="os.arch" value="amd64"/>
    <property name="java.vm.specification.name" value="Java Virtual Machine Specification"/>
    <property name="java.awt.printerjob" value="sun.awt.windows.WPrinterJob"/>
    <property name="sun.os.patch.level" value=""/>
    <property name="java.library.path" value="E:\Java\jre\bin;C:\WINDOWS\Sun\Java\bin;C:\WINDOWS\system32;C:\WINDOWS;C:\Program Files (x86)\Common Files\Oracle\Java\javapath;E:\Python\Scripts\;E:\Python\;C:\Program Files (x86)\Razer Chroma SDK\bin;C:\Program Files\Razer Chroma SDK\bin;C:\Program Files (x86)\Razer\ChromaBroadcast\bin;C:\Program Files\Razer\ChromaBroadcast\bin;C:\Program Files (x86)\Common Files\Intel\Shared Libraries\redist\intel64\compiler;C:\Windows\system32;C:\Windows;C:\Windows\System32\Wbem;C:\Windows\System32\WindowsPowerShell\v1.0\;C:\Program Files (x86)\NVIDIA Corporation\PhysX\Common;C:\WINDOWS\system32;C:\WINDOWS;C:\WINDOWS\System32\Wbem;C:\WINDOWS\System32\WindowsPowerShell\v1.0\;C:\WINDOWS\System32\OpenSSH\;E:\Quick Time\QTSystem\;C:\Program Files\NVIDIA Corporation\NVIDIA NvDLISR;C:\Users\24163\AppData\Local\Microsoft\WindowsApps;C:\WINDOWS\system32\config\systemprofile\AppData\Local\Microsoft\WindowsApps;C:\Program Files\dotnet\;C:\Program Files\Microsoft SQL Server\Client SDK\ODBC\170\Tools\Binn\;C:\Program Files\Intel\WiFi\bin\;C:\Program Files\Common Files\Intel\WirelessCommon\;E:\Java\bin;C:\WINDOWS\system32;C:\WINDOWS;C:\WINDOWS\System32\Wbem;C:\WINDOWS\System32\WindowsPowerShell\v1.0\;C:\WINDOWS\System32\OpenSSH\;C:\Program Files (x86)\Intel\Intel(R) Management Engine Components\DAL;C:\Program Files\Intel\Intel(R) Management Engine Components\DAL;E:\Mysql\MySQL server\bin;%CATALINA_HOME%\bin;E:\maven\apache-maven-3.6.1-bin\apache-maven-3.6.1\bin;E:\Tomcat\apache-tomcat-9.0.6-windows-x64\apache-tomcat-9.0.6\bin;E:\TortoiseSVN\bin;E:\Rational Rose\common;E:\node\;C:\ProgramData\chocolatey\bin;C:\Users\24163\AppData\Local\Microsoft\WindowsApps;;E:\pycharm\PyCharm Community Edition 2019.2.1\bin;;E:\CLion\CLion 2019.2.3\bin;;E:\IntelliJ IDEA\IntelliJ IDEA Community Edition 2019.2.3\bin;;E:\PhpStorm\PhpStorm 2019.2.3\bin;;E:\WebStorm\WebStorm 2019.3.3\bin;;E:\IntelliJ IDEA\IntelliJ IDEA 2019.3.3\bin;;C:\Users\24163\AppData\Roaming\npm;."/>
    <property name="java.vm.info" value="mixed mode"/>
    <property name="java.vendor" value="Oracle Corporation"/>
    <property name="java.vm.version" value="25.221-b11"/>
    <property name="java.ext.dirs" value="E:\Java\jre\lib\ext;C:\WINDOWS\Sun\Java\lib\ext"/>
    <property name="sun.io.unicode.encoding" value="UnicodeLittle"/>
    <property name="maven.repo.local" value="E:\maven\apache-maven-3.6.1-bin\apache-maven-3.6.1\maven-repository"/>
    <property name="java.class.version" value="52.0"/>
  </properties>
  <testcase name="findAccountByAccountNameTest" classname="cn.edu.cuit.OperAccountDAOTest" time="1.355">
    <error message="nested exception is org.apache.ibatis.exceptions.PersistenceException: &#10;### Error querying database.  Cause: org.springframework.jdbc.CannotGetJdbcConnectionException: Failed to obtain JDBC Connection; nested exception is java.sql.SQLException: Access denied for user &apos;root&apos;@&apos;localhost&apos; (using password: YES)&#10;### The error may exist in cn/edu/cuit/dao/OperAccountDAO.java (best guess)&#10;### The error may involve cn.edu.cuit.dao.OperAccountDAO.findAccountByAccountName&#10;### The error occurred while executing a query&#10;### Cause: org.springframework.jdbc.CannotGetJdbcConnectionException: Failed to obtain JDBC Connection; nested exception is java.sql.SQLException: Access denied for user &apos;root&apos;@&apos;localhost&apos; (using password: YES)" type="org.mybatis.spring.MyBatisSystemException">org.mybatis.spring.MyBatisSystemException: 
nested exception is org.apache.ibatis.exceptions.PersistenceException: 
### Error querying database.  Cause: org.springframework.jdbc.CannotGetJdbcConnectionException: Failed to obtain JDBC Connection; nested exception is java.sql.SQLException: Access denied for user 'root'@'localhost' (using password: YES)
### The error may exist in cn/edu/cuit/dao/OperAccountDAO.java (best guess)
### The error may involve cn.edu.cuit.dao.OperAccountDAO.findAccountByAccountName
### The error occurred while executing a query
### Cause: org.springframework.jdbc.CannotGetJdbcConnectionException: Failed to obtain JDBC Connection; nested exception is java.sql.SQLException: Access denied for user 'root'@'localhost' (using password: YES)
	at cn.edu.cuit.OperAccountDAOTest.findAccountByAccountNameTest(OperAccountDAOTest.java:24)
Caused by: org.apache.ibatis.exceptions.PersistenceException: 

### Error querying database.  Cause: org.springframework.jdbc.CannotGetJdbcConnectionException: Failed to obtain JDBC Connection; nested exception is java.sql.SQLException: Access denied for user 'root'@'localhost' (using password: YES)
### The error may exist in cn/edu/cuit/dao/OperAccountDAO.java (best guess)
### The error may involve cn.edu.cuit.dao.OperAccountDAO.findAccountByAccountName
### The error occurred while executing a query
### Cause: org.springframework.jdbc.CannotGetJdbcConnectionException: Failed to obtain JDBC Connection; nested exception is java.sql.SQLException: Access denied for user 'root'@'localhost' (using password: YES)
	at cn.edu.cuit.OperAccountDAOTest.findAccountByAccountNameTest(OperAccountDAOTest.java:24)
Caused by: org.springframework.jdbc.CannotGetJdbcConnectionException: Failed to obtain JDBC Connection; nested exception is java.sql.SQLException: Access denied for user 'root'@'localhost' (using password: YES)
	at cn.edu.cuit.OperAccountDAOTest.findAccountByAccountNameTest(OperAccountDAOTest.java:24)
Caused by: java.sql.SQLException: Access denied for user 'root'@'localhost' (using password: YES)
	at cn.edu.cuit.OperAccountDAOTest.findAccountByAccountNameTest(OperAccountDAOTest.java:24)
</error>
    <system-out><![CDATA[22:59:53.013 [main] DEBUG org.springframework.test.context.junit4.SpringJUnit4ClassRunner - SpringJUnit4ClassRunner constructor called with [class cn.edu.cuit.OperAccountDAOTest]
22:59:53.016 [main] DEBUG org.springframework.test.context.BootstrapUtils - Instantiating CacheAwareContextLoaderDelegate from class [org.springframework.test.context.cache.DefaultCacheAwareContextLoaderDelegate]
22:59:53.023 [main] DEBUG org.springframework.test.context.BootstrapUtils - Instantiating BootstrapContext using constructor [public org.springframework.test.context.support.DefaultBootstrapContext(java.lang.Class,org.springframework.test.context.CacheAwareContextLoaderDelegate)]
22:59:53.060 [main] DEBUG org.springframework.test.context.BootstrapUtils - Instantiating TestContextBootstrapper for test class [cn.edu.cuit.OperAccountDAOTest] from class [org.springframework.boot.test.context.SpringBootTestContextBootstrapper]
22:59:53.078 [main] INFO org.springframework.boot.test.context.SpringBootTestContextBootstrapper - Neither @ContextConfiguration nor @ContextHierarchy found for test class [cn.edu.cuit.OperAccountDAOTest], using SpringBootContextLoader
22:59:53.082 [main] DEBUG org.springframework.test.context.support.AbstractContextLoader - Did not detect default resource location for test class [cn.edu.cuit.OperAccountDAOTest]: class path resource [cn/edu/cuit/OperAccountDAOTest-context.xml] does not exist
22:59:53.082 [main] DEBUG org.springframework.test.context.support.AbstractContextLoader - Did not detect default resource location for test class [cn.edu.cuit.OperAccountDAOTest]: class path resource [cn/edu/cuit/OperAccountDAOTestContext.groovy] does not exist
22:59:53.083 [main] INFO org.springframework.test.context.support.AbstractContextLoader - Could not detect default resource locations for test class [cn.edu.cuit.OperAccountDAOTest]: no resource found for suffixes {-context.xml, Context.groovy}.
22:59:53.125 [main] DEBUG org.springframework.test.context.support.ActiveProfilesUtils - Could not find an 'annotation declaring class' for annotation type [org.springframework.test.context.ActiveProfiles] and class [cn.edu.cuit.OperAccountDAOTest]
22:59:53.222 [main] DEBUG org.springframework.boot.test.context.SpringBootTestContextBootstrapper - @TestExecutionListeners is not present for class [cn.edu.cuit.OperAccountDAOTest]: using defaults.
22:59:53.223 [main] INFO org.springframework.boot.test.context.SpringBootTestContextBootstrapper - Loaded default TestExecutionListener class names from location [META-INF/spring.factories]: [org.springframework.boot.test.mock.mockito.MockitoTestExecutionListener, org.springframework.boot.test.mock.mockito.ResetMocksTestExecutionListener, org.springframework.boot.test.autoconfigure.restdocs.RestDocsTestExecutionListener, org.springframework.boot.test.autoconfigure.web.client.MockRestServiceServerResetTestExecutionListener, org.springframework.boot.test.autoconfigure.web.servlet.MockMvcPrintOnlyOnFailureTestExecutionListener, org.springframework.boot.test.autoconfigure.web.servlet.WebDriverTestExecutionListener, org.springframework.test.context.web.ServletTestExecutionListener, org.springframework.test.context.support.DirtiesContextBeforeModesTestExecutionListener, org.springframework.test.context.support.DependencyInjectionTestExecutionListener, org.springframework.test.context.support.DirtiesContextTestExecutionListener, org.springframework.test.context.transaction.TransactionalTestExecutionListener, org.springframework.test.context.jdbc.SqlScriptsTestExecutionListener, org.springframework.test.context.event.EventPublishingTestExecutionListener]
22:59:53.241 [main] INFO org.springframework.boot.test.context.SpringBootTestContextBootstrapper - Using TestExecutionListeners: [org.springframework.test.context.web.ServletTestExecutionListener@1329eff, org.springframework.test.context.support.DirtiesContextBeforeModesTestExecutionListener@6497b078, org.springframework.boot.test.mock.mockito.MockitoTestExecutionListener@41c2284a, org.springframework.boot.test.autoconfigure.SpringBootDependencyInjectionTestExecutionListener@53aad5d5, org.springframework.test.context.support.DirtiesContextTestExecutionListener@46fa7c39, org.springframework.test.context.transaction.TransactionalTestExecutionListener@1fb700ee, org.springframework.test.context.jdbc.SqlScriptsTestExecutionListener@4f67eb2a, org.springframework.test.context.event.EventPublishingTestExecutionListener@4a668b6e, org.springframework.boot.test.mock.mockito.ResetMocksTestExecutionListener@5f683daf, org.springframework.boot.test.autoconfigure.restdocs.RestDocsTestExecutionListener@78ffe6dc, org.springframework.boot.test.autoconfigure.web.client.MockRestServiceServerResetTestExecutionListener@8317c52, org.springframework.boot.test.autoconfigure.web.servlet.MockMvcPrintOnlyOnFailureTestExecutionListener@76f2bbc1, org.springframework.boot.test.autoconfigure.web.servlet.WebDriverTestExecutionListener@68e965f5]
22:59:53.246 [main] DEBUG org.springframework.test.annotation.ProfileValueUtils - Retrieved @ProfileValueSourceConfiguration [null] for test class [cn.edu.cuit.OperAccountDAOTest]
22:59:53.247 [main] DEBUG org.springframework.test.annotation.ProfileValueUtils - Retrieved ProfileValueSource type [class org.springframework.test.annotation.SystemProfileValueSource] for class [cn.edu.cuit.OperAccountDAOTest]
22:59:53.277 [main] DEBUG org.springframework.test.context.junit4.SpringJUnit4ClassRunner - SpringJUnit4ClassRunner constructor called with [class cn.edu.cuit.OperAccountDAOTest]
22:59:53.277 [main] DEBUG org.springframework.test.context.BootstrapUtils - Instantiating CacheAwareContextLoaderDelegate from class [org.springframework.test.context.cache.DefaultCacheAwareContextLoaderDelegate]
22:59:53.278 [main] DEBUG org.springframework.test.context.BootstrapUtils - Instantiating BootstrapContext using constructor [public org.springframework.test.context.support.DefaultBootstrapContext(java.lang.Class,org.springframework.test.context.CacheAwareContextLoaderDelegate)]
22:59:53.279 [main] DEBUG org.springframework.test.context.BootstrapUtils - Instantiating TestContextBootstrapper for test class [cn.edu.cuit.OperAccountDAOTest] from class [org.springframework.boot.test.context.SpringBootTestContextBootstrapper]
22:59:53.279 [main] INFO org.springframework.boot.test.context.SpringBootTestContextBootstrapper - Neither @ContextConfiguration nor @ContextHierarchy found for test class [cn.edu.cuit.OperAccountDAOTest], using SpringBootContextLoader
22:59:53.280 [main] DEBUG org.springframework.test.context.support.AbstractContextLoader - Did not detect default resource location for test class [cn.edu.cuit.OperAccountDAOTest]: class path resource [cn/edu/cuit/OperAccountDAOTest-context.xml] does not exist
22:59:53.281 [main] DEBUG org.springframework.test.context.support.AbstractContextLoader - Did not detect default resource location for test class [cn.edu.cuit.OperAccountDAOTest]: class path resource [cn/edu/cuit/OperAccountDAOTestContext.groovy] does not exist
22:59:53.281 [main] INFO org.springframework.test.context.support.AbstractContextLoader - Could not detect default resource locations for test class [cn.edu.cuit.OperAccountDAOTest]: no resource found for suffixes {-context.xml, Context.groovy}.
22:59:53.283 [main] DEBUG org.springframework.test.context.support.ActiveProfilesUtils - Could not find an 'annotation declaring class' for annotation type [org.springframework.test.context.ActiveProfiles] and class [cn.edu.cuit.OperAccountDAOTest]
22:59:53.284 [main] DEBUG org.springframework.boot.test.context.SpringBootTestContextBootstrapper - @TestExecutionListeners is not present for class [cn.edu.cuit.OperAccountDAOTest]: using defaults.
22:59:53.285 [main] INFO org.springframework.boot.test.context.SpringBootTestContextBootstrapper - Loaded default TestExecutionListener class names from location [META-INF/spring.factories]: [org.springframework.boot.test.mock.mockito.MockitoTestExecutionListener, org.springframework.boot.test.mock.mockito.ResetMocksTestExecutionListener, org.springframework.boot.test.autoconfigure.restdocs.RestDocsTestExecutionListener, org.springframework.boot.test.autoconfigure.web.client.MockRestServiceServerResetTestExecutionListener, org.springframework.boot.test.autoconfigure.web.servlet.MockMvcPrintOnlyOnFailureTestExecutionListener, org.springframework.boot.test.autoconfigure.web.servlet.WebDriverTestExecutionListener, org.springframework.test.context.web.ServletTestExecutionListener, org.springframework.test.context.support.DirtiesContextBeforeModesTestExecutionListener, org.springframework.test.context.support.DependencyInjectionTestExecutionListener, org.springframework.test.context.support.DirtiesContextTestExecutionListener, org.springframework.test.context.transaction.TransactionalTestExecutionListener, org.springframework.test.context.jdbc.SqlScriptsTestExecutionListener, org.springframework.test.context.event.EventPublishingTestExecutionListener]
22:59:53.285 [main] INFO org.springframework.boot.test.context.SpringBootTestContextBootstrapper - Using TestExecutionListeners: [org.springframework.test.context.web.ServletTestExecutionListener@446293d, org.springframework.test.context.support.DirtiesContextBeforeModesTestExecutionListener@69997e9d, org.springframework.boot.test.mock.mockito.MockitoTestExecutionListener@793be5ca, org.springframework.boot.test.autoconfigure.SpringBootDependencyInjectionTestExecutionListener@2df9b86, org.springframework.test.context.support.DirtiesContextTestExecutionListener@37654521, org.springframework.test.context.transaction.TransactionalTestExecutionListener@15aab8c6, org.springframework.test.context.jdbc.SqlScriptsTestExecutionListener@33990a0c, org.springframework.test.context.event.EventPublishingTestExecutionListener@4de4b452, org.springframework.boot.test.mock.mockito.ResetMocksTestExecutionListener@50b5ac82, org.springframework.boot.test.autoconfigure.restdocs.RestDocsTestExecutionListener@101952da, org.springframework.boot.test.autoconfigure.web.client.MockRestServiceServerResetTestExecutionListener@6babf3bf, org.springframework.boot.test.autoconfigure.web.servlet.MockMvcPrintOnlyOnFailureTestExecutionListener@3059cbc, org.springframework.boot.test.autoconfigure.web.servlet.WebDriverTestExecutionListener@7ea9e1e2]
22:59:53.286 [main] DEBUG org.springframework.test.annotation.ProfileValueUtils - Retrieved @ProfileValueSourceConfiguration [null] for test class [cn.edu.cuit.OperAccountDAOTest]
22:59:53.286 [main] DEBUG org.springframework.test.annotation.ProfileValueUtils - Retrieved ProfileValueSource type [class org.springframework.test.annotation.SystemProfileValueSource] for class [cn.edu.cuit.OperAccountDAOTest]
22:59:53.337 [main] DEBUG org.springframework.test.annotation.ProfileValueUtils - Retrieved @ProfileValueSourceConfiguration [null] for test class [cn.edu.cuit.OperAccountDAOTest]
22:59:53.337 [main] DEBUG org.springframework.test.annotation.ProfileValueUtils - Retrieved ProfileValueSource type [class org.springframework.test.annotation.SystemProfileValueSource] for class [cn.edu.cuit.OperAccountDAOTest]
22:59:53.341 [main] DEBUG org.springframework.test.annotation.ProfileValueUtils - Retrieved @ProfileValueSourceConfiguration [null] for test class [cn.edu.cuit.OperAccountDAOTest]
22:59:53.341 [main] DEBUG org.springframework.test.annotation.ProfileValueUtils - Retrieved ProfileValueSource type [class org.springframework.test.annotation.SystemProfileValueSource] for class [cn.edu.cuit.OperAccountDAOTest]
22:59:53.342 [main] DEBUG org.springframework.test.annotation.ProfileValueUtils - Retrieved @ProfileValueSourceConfiguration [null] for test class [cn.edu.cuit.OperAccountDAOTest]
22:59:53.342 [main] DEBUG org.springframework.test.annotation.ProfileValueUtils - Retrieved ProfileValueSource type [class org.springframework.test.annotation.SystemProfileValueSource] for class [cn.edu.cuit.OperAccountDAOTest]
22:59:53.347 [main] DEBUG org.springframework.test.context.support.AbstractDirtiesContextTestExecutionListener - Before test class: context [DefaultTestContext@78e4deb0 testClass = OperAccountDAOTest, testInstance = [null], testMethod = [null], testException = [null], mergedContextConfiguration = [WebMergedContextConfiguration@6e9175d8 testClass = OperAccountDAOTest, locations = '{}', classes = '{class cn.edu.cuit.OcpApplication, class cn.edu.cuit.OcpApplication}', contextInitializerClasses = '[]', activeProfiles = '{}', propertySourceLocations = '{}', propertySourceProperties = '{org.springframework.boot.test.context.SpringBootTestContextBootstrapper=true}', contextCustomizers = set[[ImportsContextCustomizer@7d0b7e3c key = [@org.springframework.boot.autoconfigure.AutoConfigurationPackage(), @org.springframework.boot.autoconfigure.EnableAutoConfiguration(excludeName=[], exclude=[]), @org.springframework.boot.test.context.SpringBootTest(args=[], webEnvironment=MOCK, value=[], properties=[], classes=[class cn.edu.cuit.OcpApplication]), @org.junit.jupiter.api.extension.ExtendWith(value=[class org.springframework.test.context.junit.jupiter.SpringExtension]), @org.springframework.context.annotation.Import(value=[class org.springframework.boot.autoconfigure.AutoConfigurationPackages$Registrar]), @org.springframework.context.annotation.Import(value=[class org.springframework.boot.autoconfigure.AutoConfigurationImportSelector]), @org.junit.runner.RunWith(value=class org.springframework.test.context.junit4.SpringRunner), @org.springframework.test.context.BootstrapWith(value=class org.springframework.boot.test.context.SpringBootTestContextBootstrapper), @org.apiguardian.api.API(consumers=[*], since=5.0, status=STABLE)]], org.springframework.boot.test.context.filter.ExcludeFilterContextCustomizer@13c10b87, org.springframework.boot.test.json.DuplicateJsonObjectContextCustomizerFactory$DuplicateJsonObjectContextCustomizer@6293abcc, org.springframework.boot.test.mock.mockito.MockitoContextCustomizer@0, org.springframework.boot.test.web.client.TestRestTemplateContextCustomizer@222114ba, org.springframework.boot.test.autoconfigure.properties.PropertyMappingContextCustomizer@0, org.springframework.boot.test.autoconfigure.web.servlet.WebDriverContextCustomizerFactory$Customizer@7a4ccb53], resourceBasePath = 'src/main/webapp', contextLoader = 'org.springframework.boot.test.context.SpringBootContextLoader', parent = [null]], attributes = map['org.springframework.test.context.web.ServletTestExecutionListener.activateListener' -> true]], class annotated with @DirtiesContext [false] with mode [null].
22:59:53.349 [main] DEBUG org.springframework.test.annotation.ProfileValueUtils - Retrieved @ProfileValueSourceConfiguration [null] for test class [cn.edu.cuit.OperAccountDAOTest]
22:59:53.349 [main] DEBUG org.springframework.test.annotation.ProfileValueUtils - Retrieved ProfileValueSource type [class org.springframework.test.annotation.SystemProfileValueSource] for class [cn.edu.cuit.OperAccountDAOTest]
22:59:53.371 [main] DEBUG org.springframework.test.context.support.TestPropertySourceUtils - Adding inlined properties to environment: {spring.jmx.enabled=false, org.springframework.boot.test.context.SpringBootTestContextBootstrapper=true, server.port=-1}

 .-----------------. .----------------.   .----------------.  .----------------.  .----------------.
| .--------------. || .--------------. | | .--------------. || .--------------. || .--------------. |
| | ____  _____  | || |     ____     | | | |   ______     | || | _____  _____ | || |    ______    | |
| ||_   \|_   _| | || |   .'    `.   | | | |  |_   _ \    | || ||_   _||_   _|| || |  .' ___  |   | |
| |  |   \ | |   | || |  /  .--.  \  | | | |    | |_) |   | || |  | |    | |  | || | / .'   \_|   | |
| |  | |\ \| |   | || |  | |    | |  | | | |    |  __'.   | || |  | '    ' |  | || | | |    ____  | |
| | _| |_\   |_  | || |  \  `--'  /  | | | |   _| |__) |  | || |   \ `--' /   | || | \ `.___]  _| | |
| ||_____|\____| | || |   `.____.'   | | | |  |_______/   | || |    `.__.'    | || |  `._____.'   | |
| |              | || |              | | | |              | || |              | || |              | |
| '--------------' || '--------------' | | '--------------' || '--------------' || '--------------' |
 '----------------'  '----------------'   '----------------'  '----------------'  '----------------'

2020-12-25 22:59:53.753  INFO 24320 --- [           main] cn.edu.cuit.OperAccountDAOTest           : Starting OperAccountDAOTest on X-dmp with PID 24320 (started by 24163 in G:\学习\JavaSVN)
2020-12-25 22:59:53.754  INFO 24320 --- [           main] cn.edu.cuit.OperAccountDAOTest           : No active profile set, falling back to default profiles: default
2020-12-25 22:59:54.188  WARN 24320 --- [           main] o.m.s.mapper.ClassPathMapperScanner      : No MyBatis mapper was found in '[cn.edu.cuit.dao.*]' package. Please check your configuration.
2020-12-25 22:59:55.241  INFO 24320 --- [           main] o.s.s.concurrent.ThreadPoolTaskExecutor  : Initializing ExecutorService 'applicationTaskExecutor'
2020-12-25 22:59:55.616  INFO 24320 --- [           main] cn.edu.cuit.OperAccountDAOTest           : Started OperAccountDAOTest in 2.235 seconds (JVM running for 3.104)
2020-12-25 22:59:55.800  INFO 24320 --- [           main] com.zaxxer.hikari.HikariDataSource       : HikariPool-1 - Starting...
2020-12-25 22:59:56.960 ERROR 24320 --- [           main] com.zaxxer.hikari.pool.HikariPool        : HikariPool-1 - Exception during pool initialization.

java.sql.SQLException: Access denied for user 'root'@'localhost' (using password: YES)
	at com.mysql.cj.jdbc.exceptions.SQLError.createSQLException(SQLError.java:129) ~[mysql-connector-java-8.0.19.jar:8.0.19]
	at com.mysql.cj.jdbc.exceptions.SQLError.createSQLException(SQLError.java:97) ~[mysql-connector-java-8.0.19.jar:8.0.19]
	at com.mysql.cj.jdbc.exceptions.SQLExceptionsMapping.translateException(SQLExceptionsMapping.java:122) ~[mysql-connector-java-8.0.19.jar:8.0.19]
	at com.mysql.cj.jdbc.ConnectionImpl.createNewIO(ConnectionImpl.java:836) ~[mysql-connector-java-8.0.19.jar:8.0.19]
	at com.mysql.cj.jdbc.ConnectionImpl.<init>(ConnectionImpl.java:456) ~[mysql-connector-java-8.0.19.jar:8.0.19]
	at com.mysql.cj.jdbc.ConnectionImpl.getInstance(ConnectionImpl.java:246) ~[mysql-connector-java-8.0.19.jar:8.0.19]
	at com.mysql.cj.jdbc.NonRegisteringDriver.connect(NonRegisteringDriver.java:197) ~[mysql-connector-java-8.0.19.jar:8.0.19]
	at com.zaxxer.hikari.util.DriverDataSource.getConnection(DriverDataSource.java:138) ~[HikariCP-3.4.2.jar:na]
	at com.zaxxer.hikari.pool.PoolBase.newConnection(PoolBase.java:354) ~[HikariCP-3.4.2.jar:na]
	at com.zaxxer.hikari.pool.PoolBase.newPoolEntry(PoolBase.java:202) ~[HikariCP-3.4.2.jar:na]
	at com.zaxxer.hikari.pool.HikariPool.createPoolEntry(HikariPool.java:473) [HikariCP-3.4.2.jar:na]
	at com.zaxxer.hikari.pool.HikariPool.checkFailFast(HikariPool.java:554) [HikariCP-3.4.2.jar:na]
	at com.zaxxer.hikari.pool.HikariPool.<init>(HikariPool.java:115) [HikariCP-3.4.2.jar:na]
	at com.zaxxer.hikari.HikariDataSource.getConnection(HikariDataSource.java:112) [HikariCP-3.4.2.jar:na]
	at org.springframework.jdbc.datasource.DataSourceUtils.fetchConnection(DataSourceUtils.java:158) [spring-jdbc-5.2.5.RELEASE.jar:5.2.5.RELEASE]
	at org.springframework.jdbc.datasource.DataSourceUtils.doGetConnection(DataSourceUtils.java:116) [spring-jdbc-5.2.5.RELEASE.jar:5.2.5.RELEASE]
	at org.springframework.jdbc.datasource.DataSourceUtils.getConnection(DataSourceUtils.java:79) [spring-jdbc-5.2.5.RELEASE.jar:5.2.5.RELEASE]
	at org.mybatis.spring.transaction.SpringManagedTransaction.openConnection(SpringManagedTransaction.java:82) [mybatis-spring-1.3.1.jar:1.3.1]
	at org.mybatis.spring.transaction.SpringManagedTransaction.getConnection(SpringManagedTransaction.java:68) [mybatis-spring-1.3.1.jar:1.3.1]
	at org.apache.ibatis.executor.BaseExecutor.getConnection(BaseExecutor.java:336) [mybatis-3.4.5.jar:3.4.5]
	at org.apache.ibatis.executor.SimpleExecutor.prepareStatement(SimpleExecutor.java:84) [mybatis-3.4.5.jar:3.4.5]
	at org.apache.ibatis.executor.SimpleExecutor.doQuery(SimpleExecutor.java:62) [mybatis-3.4.5.jar:3.4.5]
	at org.apache.ibatis.executor.BaseExecutor.queryFromDatabase(BaseExecutor.java:324) [mybatis-3.4.5.jar:3.4.5]
	at org.apache.ibatis.executor.BaseExecutor.query(BaseExecutor.java:156) [mybatis-3.4.5.jar:3.4.5]
	at org.apache.ibatis.executor.CachingExecutor.query(CachingExecutor.java:109) [mybatis-3.4.5.jar:3.4.5]
	at com.github.pagehelper.PageInterceptor.intercept(PageInterceptor.java:143) [pagehelper-5.1.2.jar:na]
	at org.apache.ibatis.plugin.Plugin.invoke(Plugin.java:61) [mybatis-3.4.5.jar:3.4.5]
	at com.sun.proxy.$Proxy101.query(Unknown Source) [na:na]
	at org.apache.ibatis.session.defaults.DefaultSqlSession.selectList(DefaultSqlSession.java:148) [mybatis-3.4.5.jar:3.4.5]
	at org.apache.ibatis.session.defaults.DefaultSqlSession.selectList(DefaultSqlSession.java:141) [mybatis-3.4.5.jar:3.4.5]
	at sun.reflect.NativeMethodAccessorImpl.invoke0(Native Method) ~[na:1.8.0_221]
	at sun.reflect.NativeMethodAccessorImpl.invoke(NativeMethodAccessorImpl.java:62) ~[na:1.8.0_221]
	at sun.reflect.DelegatingMethodAccessorImpl.invoke(DelegatingMethodAccessorImpl.java:43) ~[na:1.8.0_221]
	at java.lang.reflect.Method.invoke(Method.java:498) ~[na:1.8.0_221]
	at org.mybatis.spring.SqlSessionTemplate$SqlSessionInterceptor.invoke(SqlSessionTemplate.java:433) [mybatis-spring-1.3.1.jar:1.3.1]
	at com.sun.proxy.$Proxy72.selectList(Unknown Source) [na:na]
	at org.mybatis.spring.SqlSessionTemplate.selectList(SqlSessionTemplate.java:230) [mybatis-spring-1.3.1.jar:1.3.1]
	at org.apache.ibatis.binding.MapperMethod.executeForMany(MapperMethod.java:137) [mybatis-3.4.5.jar:3.4.5]
	at org.apache.ibatis.binding.MapperMethod.execute(MapperMethod.java:75) [mybatis-3.4.5.jar:3.4.5]
	at org.apache.ibatis.binding.MapperProxy.invoke(MapperProxy.java:59) [mybatis-3.4.5.jar:3.4.5]
	at com.sun.proxy.$Proxy79.findAccountByAccountName(Unknown Source) [na:na]
	at cn.edu.cuit.OperAccountDAOTest.findAccountByAccountNameTest(OperAccountDAOTest.java:24) [test-classes/:na]
	at sun.reflect.NativeMethodAccessorImpl.invoke0(Native Method) ~[na:1.8.0_221]
	at sun.reflect.NativeMethodAccessorImpl.invoke(NativeMethodAccessorImpl.java:62) ~[na:1.8.0_221]
	at sun.reflect.DelegatingMethodAccessorImpl.invoke(DelegatingMethodAccessorImpl.java:43) ~[na:1.8.0_221]
	at java.lang.reflect.Method.invoke(Method.java:498) ~[na:1.8.0_221]
	at org.junit.runners.model.FrameworkMethod$1.runReflectiveCall(FrameworkMethod.java:50) [junit-4.12.jar:4.12]
	at org.junit.internal.runners.model.ReflectiveCallable.run(ReflectiveCallable.java:12) [junit-4.12.jar:4.12]
	at org.junit.runners.model.FrameworkMethod.invokeExplosively(FrameworkMethod.java:47) [junit-4.12.jar:4.12]
	at org.junit.internal.runners.statements.InvokeMethod.evaluate(InvokeMethod.java:17) [junit-4.12.jar:4.12]
	at org.springframework.test.context.junit4.statements.RunBeforeTestExecutionCallbacks.evaluate(RunBeforeTestExecutionCallbacks.java:74) [spring-test-5.2.5.RELEASE.jar:5.2.5.RELEASE]
	at org.springframework.test.context.junit4.statements.RunAfterTestExecutionCallbacks.evaluate(RunAfterTestExecutionCallbacks.java:84) [spring-test-5.2.5.RELEASE.jar:5.2.5.RELEASE]
	at org.springframework.test.context.junit4.statements.RunBeforeTestMethodCallbacks.evaluate(RunBeforeTestMethodCallbacks.java:75) [spring-test-5.2.5.RELEASE.jar:5.2.5.RELEASE]
	at org.springframework.test.context.junit4.statements.RunAfterTestMethodCallbacks.evaluate(RunAfterTestMethodCallbacks.java:86) [spring-test-5.2.5.RELEASE.jar:5.2.5.RELEASE]
	at org.springframework.test.context.junit4.statements.SpringRepeat.evaluate(SpringRepeat.java:84) [spring-test-5.2.5.RELEASE.jar:5.2.5.RELEASE]
	at org.junit.runners.ParentRunner.runLeaf(ParentRunner.java:325) [junit-4.12.jar:4.12]
	at org.springframework.test.context.junit4.SpringJUnit4ClassRunner.runChild(SpringJUnit4ClassRunner.java:251) [spring-test-5.2.5.RELEASE.jar:5.2.5.RELEASE]
	at org.springframework.test.context.junit4.SpringJUnit4ClassRunner.runChild(SpringJUnit4ClassRunner.java:97) [spring-test-5.2.5.RELEASE.jar:5.2.5.RELEASE]
	at org.junit.runners.ParentRunner$3.run(ParentRunner.java:290) [junit-4.12.jar:4.12]
	at org.junit.runners.ParentRunner$1.schedule(ParentRunner.java:71) [junit-4.12.jar:4.12]
	at org.junit.runners.ParentRunner.runChildren(ParentRunner.java:288) [junit-4.12.jar:4.12]
	at org.junit.runners.ParentRunner.access$000(ParentRunner.java:58) [junit-4.12.jar:4.12]
	at org.junit.runners.ParentRunner$2.evaluate(ParentRunner.java:268) [junit-4.12.jar:4.12]
	at org.springframework.test.context.junit4.statements.RunBeforeTestClassCallbacks.evaluate(RunBeforeTestClassCallbacks.java:61) [spring-test-5.2.5.RELEASE.jar:5.2.5.RELEASE]
	at org.springframework.test.context.junit4.statements.RunAfterTestClassCallbacks.evaluate(RunAfterTestClassCallbacks.java:70) [spring-test-5.2.5.RELEASE.jar:5.2.5.RELEASE]
	at org.junit.runners.ParentRunner.run(ParentRunner.java:363) [junit-4.12.jar:4.12]
	at org.springframework.test.context.junit4.SpringJUnit4ClassRunner.run(SpringJUnit4ClassRunner.java:190) [spring-test-5.2.5.RELEASE.jar:5.2.5.RELEASE]
	at org.junit.runner.JUnitCore.run(JUnitCore.java:137) [junit-4.12.jar:4.12]
	at org.junit.runner.JUnitCore.run(JUnitCore.java:115) [junit-4.12.jar:4.12]
	at org.junit.vintage.engine.execution.RunnerExecutor.execute(RunnerExecutor.java:40) [junit-vintage-engine-5.5.2.jar:5.5.2]
	at java.util.stream.ForEachOps$ForEachOp$OfRef.accept(ForEachOps.java:184) ~[na:1.8.0_221]
	at java.util.stream.ReferencePipeline$3$1.accept(ReferencePipeline.java:193) ~[na:1.8.0_221]
	at java.util.Iterator.forEachRemaining(Iterator.java:116) ~[na:1.8.0_221]
	at java.util.Spliterators$IteratorSpliterator.forEachRemaining(Spliterators.java:1801) ~[na:1.8.0_221]
	at java.util.stream.AbstractPipeline.copyInto(AbstractPipeline.java:482) ~[na:1.8.0_221]
	at java.util.stream.AbstractPipeline.wrapAndCopyInto(AbstractPipeline.java:472) ~[na:1.8.0_221]
	at java.util.stream.ForEachOps$ForEachOp.evaluateSequential(ForEachOps.java:151) ~[na:1.8.0_221]
	at java.util.stream.ForEachOps$ForEachOp$OfRef.evaluateSequential(ForEachOps.java:174) ~[na:1.8.0_221]
	at java.util.stream.AbstractPipeline.evaluate(AbstractPipeline.java:234) ~[na:1.8.0_221]
	at java.util.stream.ReferencePipeline.forEach(ReferencePipeline.java:418) ~[na:1.8.0_221]
	at org.junit.vintage.engine.VintageTestEngine.executeAllChildren(VintageTestEngine.java:80) ~[junit-vintage-engine-5.5.2.jar:5.5.2]
	at org.junit.vintage.engine.VintageTestEngine.execute(VintageTestEngine.java:71) ~[junit-vintage-engine-5.5.2.jar:5.5.2]
	at org.junit.platform.launcher.core.DefaultLauncher.execute(DefaultLauncher.java:220) ~[junit-platform-launcher-1.3.1.jar:1.3.1]
	at org.junit.platform.launcher.core.DefaultLauncher.lambda$execute$6(DefaultLauncher.java:188) ~[junit-platform-launcher-1.3.1.jar:1.3.1]
	at org.junit.platform.launcher.core.DefaultLauncher.withInterceptedStreams(DefaultLauncher.java:202) ~[junit-platform-launcher-1.3.1.jar:1.3.1]
	at org.junit.platform.launcher.core.DefaultLauncher.execute(DefaultLauncher.java:181) ~[junit-platform-launcher-1.3.1.jar:1.3.1]
	at org.junit.platform.launcher.core.DefaultLauncher.execute(DefaultLauncher.java:128) ~[junit-platform-launcher-1.3.1.jar:1.3.1]
	at org.apache.maven.surefire.junitplatform.JUnitPlatformProvider.invokeAllTests(JUnitPlatformProvider.java:150) ~[surefire-junit-platform-2.22.2.jar:2.22.2]
	at org.apache.maven.surefire.junitplatform.JUnitPlatformProvider.invoke(JUnitPlatformProvider.java:124) ~[surefire-junit-platform-2.22.2.jar:2.22.2]
	at org.apache.maven.surefire.booter.ForkedBooter.invokeProviderInSameClassLoader(ForkedBooter.java:384) ~[surefire-booter-2.22.2.jar:2.22.2]
	at org.apache.maven.surefire.booter.ForkedBooter.runSuitesInProcess(ForkedBooter.java:345) ~[surefire-booter-2.22.2.jar:2.22.2]
	at org.apache.maven.surefire.booter.ForkedBooter.execute(ForkedBooter.java:126) ~[surefire-booter-2.22.2.jar:2.22.2]
	at org.apache.maven.surefire.booter.ForkedBooter.main(ForkedBooter.java:418) ~[surefire-booter-2.22.2.jar:2.22.2]

]]></system-out>
  </testcase>
</testsuite>